# JRE version: 7.0_11-b21
# Java VM: Java HotSpot(TM) Client VM (23.6-b04 mixed mode windows-x86 )
Heap
 def new generation   total 24256K, used 2688K [0x02b10000, 0x04560000, 0x18060000)
  eden space 21568K,   0% used [0x02b10000, 0x02b10000, 0x04020000)
  from space 2688K, 100% used [0x04020000, 0x042c0000, 0x042c0000)
  to   space 2688K,   0% used [0x042c0000, 0x042c0000, 0x04560000)
 tenured generation   total 56104K, used 55982K [0x18060000, 0x1b72a000, 0x42b10000)
   the space 56104K,  99% used [0x18060000, 0x1b70bac0, 0x1b70bc00, 0x1b72a000)
 compacting perm gen  total 12288K, used 3330K [0x42b10000, 0x43710000, 0x46b10000)
   the space 12288K,  27% used [0x42b10000, 0x42e50980, 0x42e50a00, 0x43710000)
GC Heap History (10 events):
Event: 3.140 GC heap after
Heap after GC invocations=35 (full 3):
 def new generation   total 24256K, used 2688K [0x02b10000, 0x04560000, 0x18060000)
  eden space 21568K,   0% used [0x02b10000, 0x02b10000, 0x04020000)
  from space 2688K, 100% used [0x042c0000, 0x04560000, 0x04560000)
  to   space 2688K,   0% used [0x04020000, 0x04020000, 0x042c0000)
 tenured generation   total 53800K, used 40066K [0x18060000, 0x1b4ea000, 0x42b10000)
   the space 53800K,  74% used [0x18060000, 0x1a780bf0, 0x1a780c00, 0x1b4ea000)
 compacting perm gen  total 12288K, used 3330K [0x42b10000, 0x43710000, 0x46b10000)
   the space 12288K,  27% used [0x42b10000, 0x42e50960, 0x42e50a00, 0x43710000)
No shared spaces configured.
}
Event: 3.228 GC heap before
{Heap before GC invocations=35 (full 3):
 def new generation   total 24256K, used 24256K [0x02b10000, 0x04560000, 0x18060000)
  eden space 21568K, 100% used [0x02b10000, 0x04020000, 0x04020000)
  from space 2688K, 100% used [0x042c0000, 0x04560000, 0x04560000)
  to   space 2688K,   0% used [0x04020000, 0x04020000, 0x042c0000)
 tenured generation   total 53800K, used 40066K [0x18060000, 0x1b4ea000, 0x42b10000)
   the space 53800K,  74% used [0x18060000, 0x1a780bf0, 0x1a780c00, 0x1b4ea000)
 compacting perm gen  total 12288K, used 3330K [0x42b10000, 0x43710000, 0x46b10000)
   the space 12288K,  27% used [0x42b10000, 0x42e50970, 0x42e50a00, 0x43710000)
No shared spaces configured.
Event: 3.250 GC heap after
Heap after GC invocations=36 (full 3):
 def new generation   total 24256K, used 2688K [0x02b10000, 0x04560000, 0x18060000)
  eden space 21568K,   0% used [0x02b10000, 0x02b10000, 0x04020000)
  from space 2688K, 100% used [0x04020000, 0x042c0000, 0x042c0000)
  to   space 2688K,   0% used [0x042c0000, 0x042c0000, 0x04560000)
 tenured generation   total 53800K, used 42009K [0x18060000, 0x1b4ea000, 0x42b10000)
   the space 53800K,  78% used [0x18060000, 0x1a9664b8, 0x1a966600, 0x1b4ea000)
 compacting perm gen  total 12288K, used 3330K [0x42b10000, 0x43710000, 0x46b10000)
   the space 12288K,  27% used [0x42b10000, 0x42e50970, 0x42e50a00, 0x43710000)
No shared spaces configured.
}
Event: 3.337 GC heap before
{Heap before GC invocations=36 (full 3):
 def new generation   total 24256K, used 24256K [0x02b10000, 0x04560000, 0x18060000)
  eden space 21568K, 100% used [0x02b10000, 0x04020000, 0x04020000)
  from space 2688K, 100% used [0x04020000, 0x042c0000, 0x042c0000)
  to   space 2688K,   0% used [0x042c0000, 0x042c0000, 0x04560000)
 tenured generation   total 53800K, used 42009K [0x18060000, 0x1b4ea000, 0x42b10000)
   the space 53800K,  78% used [0x18060000, 0x1a9664b8, 0x1a966600, 0x1b4ea000)
 compacting perm gen  total 12288K, used 3330K [0x42b10000, 0x43710000, 0x46b10000)
   the space 12288K,  27% used [0x42b10000, 0x42e50970, 0x42e50a00, 0x43710000)
No shared spaces configured.
Event: 3.360 GC heap after
Heap after GC invocations=37 (full 3):
 def new generation   total 24256K, used 2688K [0x02b10000, 0x04560000, 0x18060000)
  eden space 21568K,   0% used [0x02b10000, 0x02b10000, 0x04020000)
  from space 2688K, 100% used [0x042c0000, 0x04560000, 0x04560000)
  to   space 2688K,   0% used [0x04020000, 0x04020000, 0x042c0000)
 tenured generation   total 53800K, used 44753K [0x18060000, 0x1b4ea000, 0x42b10000)
   the space 53800K,  83% used [0x18060000, 0x1ac14798, 0x1ac14800, 0x1b4ea000)
 compacting perm gen  total 12288K, used 3330K [0x42b10000, 0x43710000, 0x46b10000)
   the space 12288K,  27% used [0x42b10000, 0x42e50970, 0x42e50a00, 0x43710000)
No shared spaces configured.
}
Event: 3.425 GC heap before
{Heap before GC invocations=37 (full 3):
 def new generation   total 24256K, used 24256K [0x02b10000, 0x04560000, 0x18060000)
  eden space 21568K, 100% used [0x02b10000, 0x04020000, 0x04020000)
  from space 2688K, 100% used [0x042c0000, 0x04560000, 0x04560000)
  to   space 2688K,   0% used [0x04020000, 0x04020000, 0x042c0000)
 tenured generation   total 53800K, used 44753K [0x18060000, 0x1b4ea000, 0x42b10000)
   the space 53800K,  83% used [0x18060000, 0x1ac14798, 0x1ac14800, 0x1b4ea000)
 compacting perm gen  total 12288K, used 3330K [0x42b10000, 0x43710000, 0x46b10000)
   the space 12288K,  27% used [0x42b10000, 0x42e50970, 0x42e50a00, 0x43710000)
No shared spaces configured.
Event: 3.448 GC heap after
Heap after GC invocations=38 (full 3):
 def new generation   total 24256K, used 2688K [0x02b10000, 0x04560000, 0x18060000)
  eden space 21568K,   0% used [0x02b10000, 0x02b10000, 0x04020000)
  from space 2688K, 100% used [0x04020000, 0x042c0000, 0x042c0000)
  to   space 2688K,   0% used [0x042c0000, 0x042c0000, 0x04560000)
 tenured generation   total 53800K, used 47894K [0x18060000, 0x1b4ea000, 0x42b10000)
   the space 53800K,  89% used [0x18060000, 0x1af25920, 0x1af25a00, 0x1b4ea000)
 compacting perm gen  total 12288K, used 3330K [0x42b10000, 0x43710000, 0x46b10000)
   the space 12288K,  27% used [0x42b10000, 0x42e50970, 0x42e50a00, 0x43710000)
No shared spaces configured.
}
Event: 3.585 GC heap before
{Heap before GC invocations=38 (full 3):
 def new generation   total 24256K, used 24256K [0x02b10000, 0x04560000, 0x18060000)
  eden space 21568K, 100% used [0x02b10000, 0x04020000, 0x04020000)
  from space 2688K, 100% used [0x04020000, 0x042c0000, 0x042c0000)
  to   space 2688K,   0% used [0x042c0000, 0x042c0000, 0x04560000)
 tenured generation   total 53800K, used 47894K [0x18060000, 0x1b4ea000, 0x42b10000)
   the space 53800K,  89% used [0x18060000, 0x1af25920, 0x1af25a00, 0x1b4ea000)
 compacting perm gen  total 12288K, used 3330K [0x42b10000, 0x43710000, 0x46b10000)
   the space 12288K,  27% used [0x42b10000, 0x42e50970, 0x42e50a00, 0x43710000)
No shared spaces configured.
Event: 3.614 GC heap after
Heap after GC invocations=39 (full 3):
 def new generation   total 24256K, used 2688K [0x02b10000, 0x04560000, 0x18060000)
  eden space 21568K,   0% used [0x02b10000, 0x02b10000, 0x04020000)
  from space 2688K, 100% used [0x042c0000, 0x04560000, 0x04560000)
  to   space 2688K,   0% used [0x04020000, 0x04020000, 0x042c0000)
 tenured generation   total 53800K, used 51523K [0x18060000, 0x1b4ea000, 0x42b10000)
   the space 53800K,  95% used [0x18060000, 0x1b2b0c98, 0x1b2b0e00, 0x1b4ea000)
 compacting perm gen  total 12288K, used 3330K [0x42b10000, 0x43710000, 0x46b10000)
   the space 12288K,  27% used [0x42b10000, 0x42e50970, 0x42e50a00, 0x43710000)
No shared spaces configured.
}
Event: 3.695 GC heap before
{Heap before GC invocations=39 (full 3):
 def new generation   total 24256K, used 24256K [0x02b10000, 0x04560000, 0x18060000)
  eden space 21568K, 100% used [0x02b10000, 0x04020000, 0x04020000)
  from space 2688K, 100% used [0x042c0000, 0x04560000, 0x04560000)
  to   space 2688K,   0% used [0x04020000, 0x04020000, 0x042c0000)
 tenured generation   total 53800K, used 51523K [0x18060000, 0x1b4ea000, 0x42b10000)
   the space 53800K,  95% used [0x18060000, 0x1b2b0c98, 0x1b2b0e00, 0x1b4ea000)
 compacting perm gen  total 12288K, used 3330K [0x42b10000, 0x43710000, 0x46b10000)
   the space 12288K,  27% used [0x42b10000, 0x42e50980, 0x42e50a00, 0x43710000)
No shared spaces configured.

